Server running at http://*:8080/
Server running at http://*:8080/1632401707812
2021-09-23T13:00:00.781Z POST / {
  ref: 'refs/heads/main',
  before: '8304742fa8abfc40892383c070b60c685f2fb928',
  after: '583a18e91919165c9eec1ef174f303f26677c670',
  repository: {
    id: 407465357,
    node_id: 'MDEwOlJlcG9zaXRvcnk0MDc0NjUzNTc=',
    name: 'discord-axie-bot',
    full_name: 'themockingjet/discord-axie-bot',
    private: true,
    owner: {
      name: 'themockingjet',
      email: '48182731+themockingjet@users.noreply.github.com',
      login: 'themockingjet',
      id: 48182731,
      node_id: 'MDQ6VXNlcjQ4MTgyNzMx',
      avatar_url: 'https://avatars.githubusercontent.com/u/48182731?v=4',
      gravatar_id: '',
      url: 'https://api.github.com/users/themockingjet',
      html_url: 'https://github.com/themockingjet',
      followers_url: 'https://api.github.com/users/themockingjet/followers',
      following_url: 'https://api.github.com/users/themockingjet/following{/other_user}',
      gists_url: 'https://api.github.com/users/themockingjet/gists{/gist_id}',
      starred_url: 'https://api.github.com/users/themockingjet/starred{/owner}{/repo}',
      subscriptions_url: 'https://api.github.com/users/themockingjet/subscriptions',
      organizations_url: 'https://api.github.com/users/themockingjet/orgs',
      repos_url: 'https://api.github.com/users/themockingjet/repos',
      events_url: 'https://api.github.com/users/themockingjet/events{/privacy}',
      received_events_url: 'https://api.github.com/users/themockingjet/received_events',
      type: 'User',
      site_admin: false
    },
    html_url: 'https://github.com/themockingjet/discord-axie-bot',
    description: null,
    fork: false,
    url: 'https://github.com/themockingjet/discord-axie-bot',
    forks_url: 'https://api.github.com/repos/themockingjet/discord-axie-bot/forks',
    keys_url: 'https://api.github.com/repos/themockingjet/discord-axie-bot/keys{/key_id}',
    collaborators_url: 'https://api.github.com/repos/themockingjet/discord-axie-bot/collaborators{/collaborator}',
    teams_url: 'https://api.github.com/repos/themockingjet/discord-axie-bot/teams',
    hooks_url: 'https://api.github.com/repos/themockingjet/discord-axie-bot/hooks',
    issue_events_url: 'https://api.github.com/repos/themockingjet/discord-axie-bot/issues/events{/number}',
    events_url: 'https://api.github.com/repos/themockingjet/discord-axie-bot/events',
    assignees_url: 'https://api.github.com/repos/themockingjet/discord-axie-bot/assignees{/user}',
    branches_url: 'https://api.github.com/repos/themockingjet/discord-axie-bot/branches{/branch}',
    tags_url: 'https://api.github.com/repos/themockingjet/discord-axie-bot/tags',
    blobs_url: 'https://api.github.com/repos/themockingjet/discord-axie-bot/git/blobs{/sha}',
    git_tags_url: 'https://api.github.com/repos/themockingjet/discord-axie-bot/git/tags{/sha}',
    git_refs_url: 'https://api.github.com/repos/themockingjet/discord-axie-bot/git/refs{/sha}',
    trees_url: 'https://api.github.com/repos/themockingjet/discord-axie-bot/git/trees{/sha}',
    statuses_url: 'https://api.github.com/repos/themockingjet/discord-axie-bot/statuses/{sha}',
    languages_url: 'https://api.github.com/repos/themockingjet/discord-axie-bot/languages',
    stargazers_url: 'https://api.github.com/repos/themockingjet/discord-axie-bot/stargazers',
    contributors_url: 'https://api.github.com/repos/themockingjet/discord-axie-bot/contributors',
    subscribers_url: 'https://api.github.com/repos/themockingjet/discord-axie-bot/subscribers',
    subscription_url: 'https://api.github.com/repos/themockingjet/discord-axie-bot/subscription',
    commits_url: 'https://api.github.com/repos/themockingjet/discord-axie-bot/commits{/sha}',
    git_commits_url: 'https://api.github.com/repos/themockingjet/discord-axie-bot/git/commits{/sha}',
    comments_url: 'https://api.github.com/repos/themockingjet/discord-axie-bot/comments{/number}',
    issue_comment_url: 'https://api.github.com/repos/themockingjet/discord-axie-bot/issues/comments{/number}',
    contents_url: 'https://api.github.com/repos/themockingjet/discord-axie-bot/contents/{+path}',
    compare_url: 'https://api.github.com/repos/themockingjet/discord-axie-bot/compare/{base}...{head}',
    merges_url: 'https://api.github.com/repos/themockingjet/discord-axie-bot/merges',
    archive_url: 'https://api.github.com/repos/themockingjet/discord-axie-bot/{archive_format}{/ref}',
    downloads_url: 'https://api.github.com/repos/themockingjet/discord-axie-bot/downloads',
    issues_url: 'https://api.github.com/repos/themockingjet/discord-axie-bot/issues{/number}',
    pulls_url: 'https://api.github.com/repos/themockingjet/discord-axie-bot/pulls{/number}',
    milestones_url: 'https://api.github.com/repos/themockingjet/discord-axie-bot/milestones{/number}',
    notifications_url: 'https://api.github.com/repos/themockingjet/discord-axie-bot/notifications{?since,all,participating}',
    labels_url: 'https://api.github.com/repos/themockingjet/discord-axie-bot/labels{/name}',
    releases_url: 'https://api.github.com/repos/themockingjet/discord-axie-bot/releases{/id}',
    deployments_url: 'https://api.github.com/repos/themockingjet/discord-axie-bot/deployments',
    created_at: 1631867474,
    updated_at: '2021-09-23T12:12:18Z',
    pushed_at: 1632401999,
    git_url: 'git://github.com/themockingjet/discord-axie-bot.git',
    ssh_url: 'git@github.com:themockingjet/discord-axie-bot.git',
    clone_url: 'https://github.com/themockingjet/discord-axie-bot.git',
    svn_url: 'https://github.com/themockingjet/discord-axie-bot',
    homepage: null,
    size: 5074,
    stargazers_count: 0,
    watchers_count: 0,
    language: 'JavaScript',
    has_issues: true,
    has_projects: true,
    has_downloads: true,
    has_wiki: true,
    has_pages: false,
    forks_count: 0,
    mirror_url: null,
    archived: false,
    disabled: false,
    open_issues_count: 0,
    license: null,
    allow_forking: true,
    forks: 0,
    open_issues: 0,
    watchers: 0,
    default_branch: 'main',
    stargazers: 0,
    master_branch: 'main'
  },
  pusher: {
    name: 'themockingjet',
    email: '48182731+themockingjet@users.noreply.github.com'
  },
  sender: {
    login: 'themockingjet',
    id: 48182731,
    node_id: 'MDQ6VXNlcjQ4MTgyNzMx',
    avatar_url: 'https://avatars.githubusercontent.com/u/48182731?v=4',
    gravatar_id: '',
    url: 'https://api.github.com/users/themockingjet',
    html_url: 'https://github.com/themockingjet',
    followers_url: 'https://api.github.com/users/themockingjet/followers',
    following_url: 'https://api.github.com/users/themockingjet/following{/other_user}',
    gists_url: 'https://api.github.com/users/themockingjet/gists{/gist_id}',
    starred_url: 'https://api.github.com/users/themockingjet/starred{/owner}{/repo}',
    subscriptions_url: 'https://api.github.com/users/themockingjet/subscriptions',
    organizations_url: 'https://api.github.com/users/themockingjet/orgs',
    repos_url: 'https://api.github.com/users/themockingjet/repos',
    events_url: 'https://api.github.com/users/themockingjet/events{/privacy}',
    received_events_url: 'https://api.github.com/users/themockingjet/received_events',
    type: 'User',
    site_admin: false
  },
  created: false,
  deleted: false,
  forced: false,
  base_ref: null,
  compare: 'https://github.com/themockingjet/discord-axie-bot/compare/8304742fa8ab...583a18e91919',
  commits: [
    {
      id: '583a18e91919165c9eec1ef174f303f26677c670',
      tree_id: 'c1795357f922ed2a0df928c675bf3c0cf0c7c3b3',
      distinct: true,
      message: 'test push',
      timestamp: '2021-09-23T20:59:54+08:00',
      url: 'https://github.com/themockingjet/discord-axie-bot/commit/583a18e91919165c9eec1ef174f303f26677c670',
      author: [Object],
      committer: [Object],
      added: [Array],
      removed: [],
      modified: [Array]
    }
  ],
  head_commit: {
    id: '583a18e91919165c9eec1ef174f303f26677c670',
    tree_id: 'c1795357f922ed2a0df928c675bf3c0cf0c7c3b3',
    distinct: true,
    message: 'test push',
    timestamp: '2021-09-23T20:59:54+08:00',
    url: 'https://github.com/themockingjet/discord-axie-bot/commit/583a18e91919165c9eec1ef174f303f26677c670',
    author: {
      name: 'Jet',
      email: 'jwoot001@gmail.com',
      username: 'themockingjet'
    },
    committer: {
      name: 'Jet',
      email: 'jwoot001@gmail.com',
      username: 'themockingjet'
    },
    added: [ 'test' ],
    removed: [],
    modified: [ 'restart_node.sh' ]
  }
}
2021-09-23T13:02:41.494Z POST / {
  ref: 'refs/heads/main',
  before: '583a18e91919165c9eec1ef174f303f26677c670',
  after: 'f72b70cb108b00f87ce1461dc09d9ba16f8b9b6d',
  repository: {
    id: 407465357,
    node_id: 'MDEwOlJlcG9zaXRvcnk0MDc0NjUzNTc=',
    name: 'discord-axie-bot',
    full_name: 'themockingjet/discord-axie-bot',
    private: true,
    owner: {
      name: 'themockingjet',
      email: '48182731+themockingjet@users.noreply.github.com',
      login: 'themockingjet',
      id: 48182731,
      node_id: 'MDQ6VXNlcjQ4MTgyNzMx',
      avatar_url: 'https://avatars.githubusercontent.com/u/48182731?v=4',
      gravatar_id: '',
      url: 'https://api.github.com/users/themockingjet',
      html_url: 'https://github.com/themockingjet',
      followers_url: 'https://api.github.com/users/themockingjet/followers',
      following_url: 'https://api.github.com/users/themockingjet/following{/other_user}',
      gists_url: 'https://api.github.com/users/themockingjet/gists{/gist_id}',
      starred_url: 'https://api.github.com/users/themockingjet/starred{/owner}{/repo}',
      subscriptions_url: 'https://api.github.com/users/themockingjet/subscriptions',
      organizations_url: 'https://api.github.com/users/themockingjet/orgs',
      repos_url: 'https://api.github.com/users/themockingjet/repos',
      events_url: 'https://api.github.com/users/themockingjet/events{/privacy}',
      received_events_url: 'https://api.github.com/users/themockingjet/received_events',
      type: 'User',
      site_admin: false
    },
    html_url: 'https://github.com/themockingjet/discord-axie-bot',
    description: null,
    fork: false,
    url: 'https://github.com/themockingjet/discord-axie-bot',
    forks_url: 'https://api.github.com/repos/themockingjet/discord-axie-bot/forks',
    keys_url: 'https://api.github.com/repos/themockingjet/discord-axie-bot/keys{/key_id}',
    collaborators_url: 'https://api.github.com/repos/themockingjet/discord-axie-bot/collaborators{/collaborator}',
    teams_url: 'https://api.github.com/repos/themockingjet/discord-axie-bot/teams',
    hooks_url: 'https://api.github.com/repos/themockingjet/discord-axie-bot/hooks',
    issue_events_url: 'https://api.github.com/repos/themockingjet/discord-axie-bot/issues/events{/number}',
    events_url: 'https://api.github.com/repos/themockingjet/discord-axie-bot/events',
    assignees_url: 'https://api.github.com/repos/themockingjet/discord-axie-bot/assignees{/user}',
    branches_url: 'https://api.github.com/repos/themockingjet/discord-axie-bot/branches{/branch}',
    tags_url: 'https://api.github.com/repos/themockingjet/discord-axie-bot/tags',
    blobs_url: 'https://api.github.com/repos/themockingjet/discord-axie-bot/git/blobs{/sha}',
    git_tags_url: 'https://api.github.com/repos/themockingjet/discord-axie-bot/git/tags{/sha}',
    git_refs_url: 'https://api.github.com/repos/themockingjet/discord-axie-bot/git/refs{/sha}',
    trees_url: 'https://api.github.com/repos/themockingjet/discord-axie-bot/git/trees{/sha}',
    statuses_url: 'https://api.github.com/repos/themockingjet/discord-axie-bot/statuses/{sha}',
    languages_url: 'https://api.github.com/repos/themockingjet/discord-axie-bot/languages',
    stargazers_url: 'https://api.github.com/repos/themockingjet/discord-axie-bot/stargazers',
    contributors_url: 'https://api.github.com/repos/themockingjet/discord-axie-bot/contributors',
    subscribers_url: 'https://api.github.com/repos/themockingjet/discord-axie-bot/subscribers',
    subscription_url: 'https://api.github.com/repos/themockingjet/discord-axie-bot/subscription',
    commits_url: 'https://api.github.com/repos/themockingjet/discord-axie-bot/commits{/sha}',
    git_commits_url: 'https://api.github.com/repos/themockingjet/discord-axie-bot/git/commits{/sha}',
    comments_url: 'https://api.github.com/repos/themockingjet/discord-axie-bot/comments{/number}',
    issue_comment_url: 'https://api.github.com/repos/themockingjet/discord-axie-bot/issues/comments{/number}',
    contents_url: 'https://api.github.com/repos/themockingjet/discord-axie-bot/contents/{+path}',
    compare_url: 'https://api.github.com/repos/themockingjet/discord-axie-bot/compare/{base}...{head}',
    merges_url: 'https://api.github.com/repos/themockingjet/discord-axie-bot/merges',
    archive_url: 'https://api.github.com/repos/themockingjet/discord-axie-bot/{archive_format}{/ref}',
    downloads_url: 'https://api.github.com/repos/themockingjet/discord-axie-bot/downloads',
    issues_url: 'https://api.github.com/repos/themockingjet/discord-axie-bot/issues{/number}',
    pulls_url: 'https://api.github.com/repos/themockingjet/discord-axie-bot/pulls{/number}',
    milestones_url: 'https://api.github.com/repos/themockingjet/discord-axie-bot/milestones{/number}',
    notifications_url: 'https://api.github.com/repos/themockingjet/discord-axie-bot/notifications{?since,all,participating}',
    labels_url: 'https://api.github.com/repos/themockingjet/discord-axie-bot/labels{/name}',
    releases_url: 'https://api.github.com/repos/themockingjet/discord-axie-bot/releases{/id}',
    deployments_url: 'https://api.github.com/repos/themockingjet/discord-axie-bot/deployments',
    created_at: 1631867474,
    updated_at: '2021-09-23T13:00:02Z',
    pushed_at: 1632402160,
    git_url: 'git://github.com/themockingjet/discord-axie-bot.git',
    ssh_url: 'git@github.com:themockingjet/discord-axie-bot.git',
    clone_url: 'https://github.com/themockingjet/discord-axie-bot.git',
    svn_url: 'https://github.com/themockingjet/discord-axie-bot',
    homepage: null,
    size: 5074,
    stargazers_count: 0,
    watchers_count: 0,
    language: 'JavaScript',
    has_issues: true,
    has_projects: true,
    has_downloads: true,
    has_wiki: true,
    has_pages: false,
    forks_count: 0,
    mirror_url: null,
    archived: false,
    disabled: false,
    open_issues_count: 0,
    license: null,
    allow_forking: true,
    forks: 0,
    open_issues: 0,
    watchers: 0,
    default_branch: 'main',
    stargazers: 0,
    master_branch: 'main'
  },
  pusher: {
    name: 'themockingjet',
    email: '48182731+themockingjet@users.noreply.github.com'
  },
  sender: {
    login: 'themockingjet',
    id: 48182731,
    node_id: 'MDQ6VXNlcjQ4MTgyNzMx',
    avatar_url: 'https://avatars.githubusercontent.com/u/48182731?v=4',
    gravatar_id: '',
    url: 'https://api.github.com/users/themockingjet',
    html_url: 'https://github.com/themockingjet',
    followers_url: 'https://api.github.com/users/themockingjet/followers',
    following_url: 'https://api.github.com/users/themockingjet/following{/other_user}',
    gists_url: 'https://api.github.com/users/themockingjet/gists{/gist_id}',
    starred_url: 'https://api.github.com/users/themockingjet/starred{/owner}{/repo}',
    subscriptions_url: 'https://api.github.com/users/themockingjet/subscriptions',
    organizations_url: 'https://api.github.com/users/themockingjet/orgs',
    repos_url: 'https://api.github.com/users/themockingjet/repos',
    events_url: 'https://api.github.com/users/themockingjet/events{/privacy}',
    received_events_url: 'https://api.github.com/users/themockingjet/received_events',
    type: 'User',
    site_admin: false
  },
  created: false,
  deleted: false,
  forced: false,
  base_ref: null,
  compare: 'https://github.com/themockingjet/discord-axie-bot/compare/583a18e91919...f72b70cb108b',
  commits: [
    {
      id: 'f72b70cb108b00f87ce1461dc09d9ba16f8b9b6d',
      tree_id: '43aa2ae8ce67f9d17adcbd48102acc3ba62be56e',
      distinct: true,
      message: 'update server test',
      timestamp: '2021-09-23T21:02:32+08:00',
      url: 'https://github.com/themockingjet/discord-axie-bot/commit/f72b70cb108b00f87ce1461dc09d9ba16f8b9b6d',
      author: [Object],
      committer: [Object],
      added: [],
      removed: [Array],
      modified: [Array]
    }
  ],
  head_commit: {
    id: 'f72b70cb108b00f87ce1461dc09d9ba16f8b9b6d',
    tree_id: '43aa2ae8ce67f9d17adcbd48102acc3ba62be56e',
    distinct: true,
    message: 'update server test',
    timestamp: '2021-09-23T21:02:32+08:00',
    url: 'https://github.com/themockingjet/discord-axie-bot/commit/f72b70cb108b00f87ce1461dc09d9ba16f8b9b6d',
    author: {
      name: 'Jet',
      email: 'jwoot001@gmail.com',
      username: 'themockingjet'
    },
    committer: {
      name: 'Jet',
      email: 'jwoot001@gmail.com',
      username: 'themockingjet'
    },
    added: [],
    removed: [ 'test' ],
    modified: [ 'restart_node.sh' ]
  }
}
2021-09-23T13:05:41.571Z POST / {
  ref: 'refs/heads/main',
  before: 'f72b70cb108b00f87ce1461dc09d9ba16f8b9b6d',
  after: '277f4653dbf2e60d2508aff7987580d104e73a85',
  repository: {
    id: 407465357,
    node_id: 'MDEwOlJlcG9zaXRvcnk0MDc0NjUzNTc=',
    name: 'discord-axie-bot',
    full_name: 'themockingjet/discord-axie-bot',
    private: true,
    owner: {
      name: 'themockingjet',
      email: '48182731+themockingjet@users.noreply.github.com',
      login: 'themockingjet',
      id: 48182731,
      node_id: 'MDQ6VXNlcjQ4MTgyNzMx',
      avatar_url: 'https://avatars.githubusercontent.com/u/48182731?v=4',
      gravatar_id: '',
      url: 'https://api.github.com/users/themockingjet',
      html_url: 'https://github.com/themockingjet',
      followers_url: 'https://api.github.com/users/themockingjet/followers',
      following_url: 'https://api.github.com/users/themockingjet/following{/other_user}',
      gists_url: 'https://api.github.com/users/themockingjet/gists{/gist_id}',
      starred_url: 'https://api.github.com/users/themockingjet/starred{/owner}{/repo}',
      subscriptions_url: 'https://api.github.com/users/themockingjet/subscriptions',
      organizations_url: 'https://api.github.com/users/themockingjet/orgs',
      repos_url: 'https://api.github.com/users/themockingjet/repos',
      events_url: 'https://api.github.com/users/themockingjet/events{/privacy}',
      received_events_url: 'https://api.github.com/users/themockingjet/received_events',
      type: 'User',
      site_admin: false
    },
    html_url: 'https://github.com/themockingjet/discord-axie-bot',
    description: null,
    fork: false,
    url: 'https://github.com/themockingjet/discord-axie-bot',
    forks_url: 'https://api.github.com/repos/themockingjet/discord-axie-bot/forks',
    keys_url: 'https://api.github.com/repos/themockingjet/discord-axie-bot/keys{/key_id}',
    collaborators_url: 'https://api.github.com/repos/themockingjet/discord-axie-bot/collaborators{/collaborator}',
    teams_url: 'https://api.github.com/repos/themockingjet/discord-axie-bot/teams',
    hooks_url: 'https://api.github.com/repos/themockingjet/discord-axie-bot/hooks',
    issue_events_url: 'https://api.github.com/repos/themockingjet/discord-axie-bot/issues/events{/number}',
    events_url: 'https://api.github.com/repos/themockingjet/discord-axie-bot/events',
    assignees_url: 'https://api.github.com/repos/themockingjet/discord-axie-bot/assignees{/user}',
    branches_url: 'https://api.github.com/repos/themockingjet/discord-axie-bot/branches{/branch}',
    tags_url: 'https://api.github.com/repos/themockingjet/discord-axie-bot/tags',
    blobs_url: 'https://api.github.com/repos/themockingjet/discord-axie-bot/git/blobs{/sha}',
    git_tags_url: 'https://api.github.com/repos/themockingjet/discord-axie-bot/git/tags{/sha}',
    git_refs_url: 'https://api.github.com/repos/themockingjet/discord-axie-bot/git/refs{/sha}',
    trees_url: 'https://api.github.com/repos/themockingjet/discord-axie-bot/git/trees{/sha}',
    statuses_url: 'https://api.github.com/repos/themockingjet/discord-axie-bot/statuses/{sha}',
    languages_url: 'https://api.github.com/repos/themockingjet/discord-axie-bot/languages',
    stargazers_url: 'https://api.github.com/repos/themockingjet/discord-axie-bot/stargazers',
    contributors_url: 'https://api.github.com/repos/themockingjet/discord-axie-bot/contributors',
    subscribers_url: 'https://api.github.com/repos/themockingjet/discord-axie-bot/subscribers',
    subscription_url: 'https://api.github.com/repos/themockingjet/discord-axie-bot/subscription',
    commits_url: 'https://api.github.com/repos/themockingjet/discord-axie-bot/commits{/sha}',
    git_commits_url: 'https://api.github.com/repos/themockingjet/discord-axie-bot/git/commits{/sha}',
    comments_url: 'https://api.github.com/repos/themockingjet/discord-axie-bot/comments{/number}',
    issue_comment_url: 'https://api.github.com/repos/themockingjet/discord-axie-bot/issues/comments{/number}',
    contents_url: 'https://api.github.com/repos/themockingjet/discord-axie-bot/contents/{+path}',
    compare_url: 'https://api.github.com/repos/themockingjet/discord-axie-bot/compare/{base}...{head}',
    merges_url: 'https://api.github.com/repos/themockingjet/discord-axie-bot/merges',
    archive_url: 'https://api.github.com/repos/themockingjet/discord-axie-bot/{archive_format}{/ref}',
    downloads_url: 'https://api.github.com/repos/themockingjet/discord-axie-bot/downloads',
    issues_url: 'https://api.github.com/repos/themockingjet/discord-axie-bot/issues{/number}',
    pulls_url: 'https://api.github.com/repos/themockingjet/discord-axie-bot/pulls{/number}',
    milestones_url: 'https://api.github.com/repos/themockingjet/discord-axie-bot/milestones{/number}',
    notifications_url: 'https://api.github.com/repos/themockingjet/discord-axie-bot/notifications{?since,all,participating}',
    labels_url: 'https://api.github.com/repos/themockingjet/discord-axie-bot/labels{/name}',
    releases_url: 'https://api.github.com/repos/themockingjet/discord-axie-bot/releases{/id}',
    deployments_url: 'https://api.github.com/repos/themockingjet/discord-axie-bot/deployments',
    created_at: 1631867474,
    updated_at: '2021-09-23T13:02:43Z',
    pushed_at: 1632402340,
    git_url: 'git://github.com/themockingjet/discord-axie-bot.git',
    ssh_url: 'git@github.com:themockingjet/discord-axie-bot.git',
    clone_url: 'https://github.com/themockingjet/discord-axie-bot.git',
    svn_url: 'https://github.com/themockingjet/discord-axie-bot',
    homepage: null,
    size: 5074,
    stargazers_count: 0,
    watchers_count: 0,
    language: 'JavaScript',
    has_issues: true,
    has_projects: true,
    has_downloads: true,
    has_wiki: true,
    has_pages: false,
    forks_count: 0,
    mirror_url: null,
    archived: false,
    disabled: false,
    open_issues_count: 0,
    license: null,
    allow_forking: true,
    forks: 0,
    open_issues: 0,
    watchers: 0,
    default_branch: 'main',
    stargazers: 0,
    master_branch: 'main'
  },
  pusher: {
    name: 'themockingjet',
    email: '48182731+themockingjet@users.noreply.github.com'
  },
  sender: {
    login: 'themockingjet',
    id: 48182731,
    node_id: 'MDQ6VXNlcjQ4MTgyNzMx',
    avatar_url: 'https://avatars.githubusercontent.com/u/48182731?v=4',
    gravatar_id: '',
    url: 'https://api.github.com/users/themockingjet',
    html_url: 'https://github.com/themockingjet',
    followers_url: 'https://api.github.com/users/themockingjet/followers',
    following_url: 'https://api.github.com/users/themockingjet/following{/other_user}',
    gists_url: 'https://api.github.com/users/themockingjet/gists{/gist_id}',
    starred_url: 'https://api.github.com/users/themockingjet/starred{/owner}{/repo}',
    subscriptions_url: 'https://api.github.com/users/themockingjet/subscriptions',
    organizations_url: 'https://api.github.com/users/themockingjet/orgs',
    repos_url: 'https://api.github.com/users/themockingjet/repos',
    events_url: 'https://api.github.com/users/themockingjet/events{/privacy}',
    received_events_url: 'https://api.github.com/users/themockingjet/received_events',
    type: 'User',
    site_admin: false
  },
  created: false,
  deleted: false,
  forced: false,
  base_ref: null,
  compare: 'https://github.com/themockingjet/discord-axie-bot/compare/f72b70cb108b...277f4653dbf2',
  commits: [
    {
      id: '277f4653dbf2e60d2508aff7987580d104e73a85',
      tree_id: '242ab0f5bd5c0186972acb19d0756c652d0b69f7',
      distinct: true,
      message: 'testpush',
      timestamp: '2021-09-23T21:05:35+08:00',
      url: 'https://github.com/themockingjet/discord-axie-bot/commit/277f4653dbf2e60d2508aff7987580d104e73a85',
      author: [Object],
      committer: [Object],
      added: [Array],
      removed: [],
      modified: []
    }
  ],
  head_commit: {
    id: '277f4653dbf2e60d2508aff7987580d104e73a85',
    tree_id: '242ab0f5bd5c0186972acb19d0756c652d0b69f7',
    distinct: true,
    message: 'testpush',
    timestamp: '2021-09-23T21:05:35+08:00',
    url: 'https://github.com/themockingjet/discord-axie-bot/commit/277f4653dbf2e60d2508aff7987580d104e73a85',
    author: {
      name: 'Jet',
      email: 'jwoot001@gmail.com',
      username: 'themockingjet'
    },
    committer: {
      name: 'Jet',
      email: 'jwoot001@gmail.com',
      username: 'themockingjet'
    },
    added: [ 'testpush' ],
    removed: [],
    modified: []
  }
}
2021-09-23T13:07:21.135Z POST / {
  ref: 'refs/heads/main',
  before: '277f4653dbf2e60d2508aff7987580d104e73a85',
  after: '68a59b21a49d07a781c6fa92373fefe600d3b172',
  repository: {
    id: 407465357,
    node_id: 'MDEwOlJlcG9zaXRvcnk0MDc0NjUzNTc=',
    name: 'discord-axie-bot',
    full_name: 'themockingjet/discord-axie-bot',
    private: true,
    owner: {
      name: 'themockingjet',
      email: '48182731+themockingjet@users.noreply.github.com',
      login: 'themockingjet',
      id: 48182731,
      node_id: 'MDQ6VXNlcjQ4MTgyNzMx',
      avatar_url: 'https://avatars.githubusercontent.com/u/48182731?v=4',
      gravatar_id: '',
      url: 'https://api.github.com/users/themockingjet',
      html_url: 'https://github.com/themockingjet',
      followers_url: 'https://api.github.com/users/themockingjet/followers',
      following_url: 'https://api.github.com/users/themockingjet/following{/other_user}',
      gists_url: 'https://api.github.com/users/themockingjet/gists{/gist_id}',
      starred_url: 'https://api.github.com/users/themockingjet/starred{/owner}{/repo}',
      subscriptions_url: 'https://api.github.com/users/themockingjet/subscriptions',
      organizations_url: 'https://api.github.com/users/themockingjet/orgs',
      repos_url: 'https://api.github.com/users/themockingjet/repos',
      events_url: 'https://api.github.com/users/themockingjet/events{/privacy}',
      received_events_url: 'https://api.github.com/users/themockingjet/received_events',
      type: 'User',
      site_admin: false
    },
    html_url: 'https://github.com/themockingjet/discord-axie-bot',
    description: null,
    fork: false,
    url: 'https://github.com/themockingjet/discord-axie-bot',
    forks_url: 'https://api.github.com/repos/themockingjet/discord-axie-bot/forks',
    keys_url: 'https://api.github.com/repos/themockingjet/discord-axie-bot/keys{/key_id}',
    collaborators_url: 'https://api.github.com/repos/themockingjet/discord-axie-bot/collaborators{/collaborator}',
    teams_url: 'https://api.github.com/repos/themockingjet/discord-axie-bot/teams',
    hooks_url: 'https://api.github.com/repos/themockingjet/discord-axie-bot/hooks',
    issue_events_url: 'https://api.github.com/repos/themockingjet/discord-axie-bot/issues/events{/number}',
    events_url: 'https://api.github.com/repos/themockingjet/discord-axie-bot/events',
    assignees_url: 'https://api.github.com/repos/themockingjet/discord-axie-bot/assignees{/user}',
    branches_url: 'https://api.github.com/repos/themockingjet/discord-axie-bot/branches{/branch}',
    tags_url: 'https://api.github.com/repos/themockingjet/discord-axie-bot/tags',
    blobs_url: 'https://api.github.com/repos/themockingjet/discord-axie-bot/git/blobs{/sha}',
    git_tags_url: 'https://api.github.com/repos/themockingjet/discord-axie-bot/git/tags{/sha}',
    git_refs_url: 'https://api.github.com/repos/themockingjet/discord-axie-bot/git/refs{/sha}',
    trees_url: 'https://api.github.com/repos/themockingjet/discord-axie-bot/git/trees{/sha}',
    statuses_url: 'https://api.github.com/repos/themockingjet/discord-axie-bot/statuses/{sha}',
    languages_url: 'https://api.github.com/repos/themockingjet/discord-axie-bot/languages',
    stargazers_url: 'https://api.github.com/repos/themockingjet/discord-axie-bot/stargazers',
    contributors_url: 'https://api.github.com/repos/themockingjet/discord-axie-bot/contributors',
    subscribers_url: 'https://api.github.com/repos/themockingjet/discord-axie-bot/subscribers',
    subscription_url: 'https://api.github.com/repos/themockingjet/discord-axie-bot/subscription',
    commits_url: 'https://api.github.com/repos/themockingjet/discord-axie-bot/commits{/sha}',
    git_commits_url: 'https://api.github.com/repos/themockingjet/discord-axie-bot/git/commits{/sha}',
    comments_url: 'https://api.github.com/repos/themockingjet/discord-axie-bot/comments{/number}',
    issue_comment_url: 'https://api.github.com/repos/themockingjet/discord-axie-bot/issues/comments{/number}',
    contents_url: 'https://api.github.com/repos/themockingjet/discord-axie-bot/contents/{+path}',
    compare_url: 'https://api.github.com/repos/themockingjet/discord-axie-bot/compare/{base}...{head}',
    merges_url: 'https://api.github.com/repos/themockingjet/discord-axie-bot/merges',
    archive_url: 'https://api.github.com/repos/themockingjet/discord-axie-bot/{archive_format}{/ref}',
    downloads_url: 'https://api.github.com/repos/themockingjet/discord-axie-bot/downloads',
    issues_url: 'https://api.github.com/repos/themockingjet/discord-axie-bot/issues{/number}',
    pulls_url: 'https://api.github.com/repos/themockingjet/discord-axie-bot/pulls{/number}',
    milestones_url: 'https://api.github.com/repos/themockingjet/discord-axie-bot/milestones{/number}',
    notifications_url: 'https://api.github.com/repos/themockingjet/discord-axie-bot/notifications{?since,all,participating}',
    labels_url: 'https://api.github.com/repos/themockingjet/discord-axie-bot/labels{/name}',
    releases_url: 'https://api.github.com/repos/themockingjet/discord-axie-bot/releases{/id}',
    deployments_url: 'https://api.github.com/repos/themockingjet/discord-axie-bot/deployments',
    created_at: 1631867474,
    updated_at: '2021-09-23T13:05:43Z',
    pushed_at: 1632402440,
    git_url: 'git://github.com/themockingjet/discord-axie-bot.git',
    ssh_url: 'git@github.com:themockingjet/discord-axie-bot.git',
    clone_url: 'https://github.com/themockingjet/discord-axie-bot.git',
    svn_url: 'https://github.com/themockingjet/discord-axie-bot',
    homepage: null,
    size: 5079,
    stargazers_count: 0,
    watchers_count: 0,
    language: 'JavaScript',
    has_issues: true,
    has_projects: true,
    has_downloads: true,
    has_wiki: true,
    has_pages: false,
    forks_count: 0,
    mirror_url: null,
    archived: false,
    disabled: false,
    open_issues_count: 0,
    license: null,
    allow_forking: true,
    forks: 0,
    open_issues: 0,
    watchers: 0,
    default_branch: 'main',
    stargazers: 0,
    master_branch: 'main'
  },
  pusher: {
    name: 'themockingjet',
    email: '48182731+themockingjet@users.noreply.github.com'
  },
  sender: {
    login: 'themockingjet',
    id: 48182731,
    node_id: 'MDQ6VXNlcjQ4MTgyNzMx',
    avatar_url: 'https://avatars.githubusercontent.com/u/48182731?v=4',
    gravatar_id: '',
    url: 'https://api.github.com/users/themockingjet',
    html_url: 'https://github.com/themockingjet',
    followers_url: 'https://api.github.com/users/themockingjet/followers',
    following_url: 'https://api.github.com/users/themockingjet/following{/other_user}',
    gists_url: 'https://api.github.com/users/themockingjet/gists{/gist_id}',
    starred_url: 'https://api.github.com/users/themockingjet/starred{/owner}{/repo}',
    subscriptions_url: 'https://api.github.com/users/themockingjet/subscriptions',
    organizations_url: 'https://api.github.com/users/themockingjet/orgs',
    repos_url: 'https://api.github.com/users/themockingjet/repos',
    events_url: 'https://api.github.com/users/themockingjet/events{/privacy}',
    received_events_url: 'https://api.github.com/users/themockingjet/received_events',
    type: 'User',
    site_admin: false
  },
  created: false,
  deleted: false,
  forced: false,
  base_ref: null,
  compare: 'https://github.com/themockingjet/discord-axie-bot/compare/277f4653dbf2...68a59b21a49d',
  commits: [
    {
      id: '68a59b21a49d07a781c6fa92373fefe600d3b172',
      tree_id: '43aa2ae8ce67f9d17adcbd48102acc3ba62be56e',
      distinct: true,
      message: 'testpush',
      timestamp: '2021-09-23T21:07:12+08:00',
      url: 'https://github.com/themockingjet/discord-axie-bot/commit/68a59b21a49d07a781c6fa92373fefe600d3b172',
      author: [Object],
      committer: [Object],
      added: [],
      removed: [Array],
      modified: []
    }
  ],
  head_commit: {
    id: '68a59b21a49d07a781c6fa92373fefe600d3b172',
    tree_id: '43aa2ae8ce67f9d17adcbd48102acc3ba62be56e',
    distinct: true,
    message: 'testpush',
    timestamp: '2021-09-23T21:07:12+08:00',
    url: 'https://github.com/themockingjet/discord-axie-bot/commit/68a59b21a49d07a781c6fa92373fefe600d3b172',
    author: {
      name: 'Jet',
      email: 'jwoot001@gmail.com',
      username: 'themockingjet'
    },
    committer: {
      name: 'Jet',
      email: 'jwoot001@gmail.com',
      username: 'themockingjet'
    },
    added: [],
    removed: [ 'testpush' ],
    modified: []
  }
}
2021-09-23T13:09:34.920Z POST / {
  ref: 'refs/heads/main',
  before: '68a59b21a49d07a781c6fa92373fefe600d3b172',
  after: 'd5469bf80614f1232c4bb68a8273e5419e6247fd',
  repository: {
    id: 407465357,
    node_id: 'MDEwOlJlcG9zaXRvcnk0MDc0NjUzNTc=',
    name: 'discord-axie-bot',
    full_name: 'themockingjet/discord-axie-bot',
    private: true,
    owner: {
      name: 'themockingjet',
      email: '48182731+themockingjet@users.noreply.github.com',
      login: 'themockingjet',
      id: 48182731,
      node_id: 'MDQ6VXNlcjQ4MTgyNzMx',
      avatar_url: 'https://avatars.githubusercontent.com/u/48182731?v=4',
      gravatar_id: '',
      url: 'https://api.github.com/users/themockingjet',
      html_url: 'https://github.com/themockingjet',
      followers_url: 'https://api.github.com/users/themockingjet/followers',
      following_url: 'https://api.github.com/users/themockingjet/following{/other_user}',
      gists_url: 'https://api.github.com/users/themockingjet/gists{/gist_id}',
      starred_url: 'https://api.github.com/users/themockingjet/starred{/owner}{/repo}',
      subscriptions_url: 'https://api.github.com/users/themockingjet/subscriptions',
      organizations_url: 'https://api.github.com/users/themockingjet/orgs',
      repos_url: 'https://api.github.com/users/themockingjet/repos',
      events_url: 'https://api.github.com/users/themockingjet/events{/privacy}',
      received_events_url: 'https://api.github.com/users/themockingjet/received_events',
      type: 'User',
      site_admin: false
    },
    html_url: 'https://github.com/themockingjet/discord-axie-bot',
    description: null,
    fork: false,
    url: 'https://github.com/themockingjet/discord-axie-bot',
    forks_url: 'https://api.github.com/repos/themockingjet/discord-axie-bot/forks',
    keys_url: 'https://api.github.com/repos/themockingjet/discord-axie-bot/keys{/key_id}',
    collaborators_url: 'https://api.github.com/repos/themockingjet/discord-axie-bot/collaborators{/collaborator}',
    teams_url: 'https://api.github.com/repos/themockingjet/discord-axie-bot/teams',
    hooks_url: 'https://api.github.com/repos/themockingjet/discord-axie-bot/hooks',
    issue_events_url: 'https://api.github.com/repos/themockingjet/discord-axie-bot/issues/events{/number}',
    events_url: 'https://api.github.com/repos/themockingjet/discord-axie-bot/events',
    assignees_url: 'https://api.github.com/repos/themockingjet/discord-axie-bot/assignees{/user}',
    branches_url: 'https://api.github.com/repos/themockingjet/discord-axie-bot/branches{/branch}',
    tags_url: 'https://api.github.com/repos/themockingjet/discord-axie-bot/tags',
    blobs_url: 'https://api.github.com/repos/themockingjet/discord-axie-bot/git/blobs{/sha}',
    git_tags_url: 'https://api.github.com/repos/themockingjet/discord-axie-bot/git/tags{/sha}',
    git_refs_url: 'https://api.github.com/repos/themockingjet/discord-axie-bot/git/refs{/sha}',
    trees_url: 'https://api.github.com/repos/themockingjet/discord-axie-bot/git/trees{/sha}',
    statuses_url: 'https://api.github.com/repos/themockingjet/discord-axie-bot/statuses/{sha}',
    languages_url: 'https://api.github.com/repos/themockingjet/discord-axie-bot/languages',
    stargazers_url: 'https://api.github.com/repos/themockingjet/discord-axie-bot/stargazers',
    contributors_url: 'https://api.github.com/repos/themockingjet/discord-axie-bot/contributors',
    subscribers_url: 'https://api.github.com/repos/themockingjet/discord-axie-bot/subscribers',
    subscription_url: 'https://api.github.com/repos/themockingjet/discord-axie-bot/subscription',
    commits_url: 'https://api.github.com/repos/themockingjet/discord-axie-bot/commits{/sha}',
    git_commits_url: 'https://api.github.com/repos/themockingjet/discord-axie-bot/git/commits{/sha}',
    comments_url: 'https://api.github.com/repos/themockingjet/discord-axie-bot/comments{/number}',
    issue_comment_url: 'https://api.github.com/repos/themockingjet/discord-axie-bot/issues/comments{/number}',
    contents_url: 'https://api.github.com/repos/themockingjet/discord-axie-bot/contents/{+path}',
    compare_url: 'https://api.github.com/repos/themockingjet/discord-axie-bot/compare/{base}...{head}',
    merges_url: 'https://api.github.com/repos/themockingjet/discord-axie-bot/merges',
    archive_url: 'https://api.github.com/repos/themockingjet/discord-axie-bot/{archive_format}{/ref}',
    downloads_url: 'https://api.github.com/repos/themockingjet/discord-axie-bot/downloads',
    issues_url: 'https://api.github.com/repos/themockingjet/discord-axie-bot/issues{/number}',
    pulls_url: 'https://api.github.com/repos/themockingjet/discord-axie-bot/pulls{/number}',
    milestones_url: 'https://api.github.com/repos/themockingjet/discord-axie-bot/milestones{/number}',
    notifications_url: 'https://api.github.com/repos/themockingjet/discord-axie-bot/notifications{?since,all,participating}',
    labels_url: 'https://api.github.com/repos/themockingjet/discord-axie-bot/labels{/name}',
    releases_url: 'https://api.github.com/repos/themockingjet/discord-axie-bot/releases{/id}',
    deployments_url: 'https://api.github.com/repos/themockingjet/discord-axie-bot/deployments',
    created_at: 1631867474,
    updated_at: '2021-09-23T13:07:22Z',
    pushed_at: 1632402574,
    git_url: 'git://github.com/themockingjet/discord-axie-bot.git',
    ssh_url: 'git@github.com:themockingjet/discord-axie-bot.git',
    clone_url: 'https://github.com/themockingjet/discord-axie-bot.git',
    svn_url: 'https://github.com/themockingjet/discord-axie-bot',
    homepage: null,
    size: 5079,
    stargazers_count: 0,
    watchers_count: 0,
    language: 'JavaScript',
    has_issues: true,
    has_projects: true,
    has_downloads: true,
    has_wiki: true,
    has_pages: false,
    forks_count: 0,
    mirror_url: null,
    archived: false,
    disabled: false,
    open_issues_count: 0,
    license: null,
    allow_forking: true,
    forks: 0,
    open_issues: 0,
    watchers: 0,
    default_branch: 'main',
    stargazers: 0,
    master_branch: 'main'
  },
  pusher: {
    name: 'themockingjet',
    email: '48182731+themockingjet@users.noreply.github.com'
  },
  sender: {
    login: 'themockingjet',
    id: 48182731,
    node_id: 'MDQ6VXNlcjQ4MTgyNzMx',
    avatar_url: 'https://avatars.githubusercontent.com/u/48182731?v=4',
    gravatar_id: '',
    url: 'https://api.github.com/users/themockingjet',
    html_url: 'https://github.com/themockingjet',
    followers_url: 'https://api.github.com/users/themockingjet/followers',
    following_url: 'https://api.github.com/users/themockingjet/following{/other_user}',
    gists_url: 'https://api.github.com/users/themockingjet/gists{/gist_id}',
    starred_url: 'https://api.github.com/users/themockingjet/starred{/owner}{/repo}',
    subscriptions_url: 'https://api.github.com/users/themockingjet/subscriptions',
    organizations_url: 'https://api.github.com/users/themockingjet/orgs',
    repos_url: 'https://api.github.com/users/themockingjet/repos',
    events_url: 'https://api.github.com/users/themockingjet/events{/privacy}',
    received_events_url: 'https://api.github.com/users/themockingjet/received_events',
    type: 'User',
    site_admin: false
  },
  created: false,
  deleted: false,
  forced: false,
  base_ref: null,
  compare: 'https://github.com/themockingjet/discord-axie-bot/compare/68a59b21a49d...d5469bf80614',
  commits: [
    {
      id: 'd5469bf80614f1232c4bb68a8273e5419e6247fd',
      tree_id: '50104a7194202dec3f78408b070290c0f42c524d',
      distinct: true,
      message: 'testagain',
      timestamp: '2021-09-23T21:09:28+08:00',
      url: 'https://github.com/themockingjet/discord-axie-bot/commit/d5469bf80614f1232c4bb68a8273e5419e6247fd',
      author: [Object],
      committer: [Object],
      added: [Array],
      removed: [],
      modified: []
    }
  ],
  head_commit: {
    id: 'd5469bf80614f1232c4bb68a8273e5419e6247fd',
    tree_id: '50104a7194202dec3f78408b070290c0f42c524d',
    distinct: true,
    message: 'testagain',
    timestamp: '2021-09-23T21:09:28+08:00',
    url: 'https://github.com/themockingjet/discord-axie-bot/commit/d5469bf80614f1232c4bb68a8273e5419e6247fd',
    author: {
      name: 'Jet',
      email: 'jwoot001@gmail.com',
      username: 'themockingjet'
    },
    committer: {
      name: 'Jet',
      email: 'jwoot001@gmail.com',
      username: 'themockingjet'
    },
    added: [ 'testagain' ],
    removed: [],
    modified: []
  }
}
